96 [4368] INFO perfrun.launcher <> - Launcher main begin
106 [4368] INFO perfrun.launcher <> - MessageCatalogInit finished
106 [4368] INFO perfrun.launcher <> - Launcher instance created
106 [4368] INFO perfrun.launcher <> - argc = 7; cmdline = C:\Program Files (x86)\Intel\oneAPI\vtune\2023.0.0\bin64\amplxe-runss.exe --ui-output-format xml --ui-output-fd 1044 --option-file C:\Users\LENOVO22\source\repos\SIMD\AVX_Conv\AVX_Conv\VTune Profiler Results\AVX_Conv\r000ps\config\runss.options 
155 [4368] INFO perfrun.launcher <> - New signal handler callback was added
299 [4368] INFO perfrun.launcher <> - create msngr2::ICliToolContext
300 [4368] INFO perfrun.launcher <> - create file finder object
300 [4368] INFO perfrun.launcher <> - create a result directory: pattern = C:\Users\LENOVO22\source\repos\SIMD\AVX_Conv\AVX_Conv\VTune Profiler Results\AVX_Conv\r000ps pid = 4294967295
306 [4368] INFO perfrun.launcher <> - create data directory = C:\Users\LENOVO22\source\repos\SIMD\AVX_Conv\AVX_Conv\VTune Profiler Results\AVX_Conv\r000ps\data.0
308 [4368] INFO perfrun.launcher <> - Creating the master collection flag
317 [4368] INFO perfrun.launcher <> - Done creating the master collection flag
318 [21336] INFO perfrun.launcher <> - plugin [remoteplug] was disabled because it doesn't support the given collection type.
319 [21336] INFO perfrun.sdk <> - Allocating TMU :C:\Users\LENOVO22\source\repos\SIMD\AVX_Conv\AVX_Conv\VTune Profiler Results\AVX_Conv\r000ps\data.0\systemcollector-22112-LAPTOP-MC265AGH.sc
320 [21336] INFO perfrun.launcher <> - plugin [] was disabled because it doesn't support the given collection type.
325 [21336] INFO perfrun.launcher <> - plugin [] was disabled because it doesn't support the given collection type.
325 [21336] INFO perfrun.launcher <> - plugin [gpu] was disabled because it doesn't support the given collection type.
325 [21336] INFO perfrun.launcher <> - plugin [etw.kernel] was disabled because it doesn't support the given collection type.
325 [21336] INFO perfrun.launcher <> - plugin [etw.dx] was disabled because it doesn't support the given collection type.
325 [21336] INFO perfrun.launcher <> - plugin [etw.wsa] was disabled because it doesn't support the given collection type.
325 [21336] INFO perfrun.mrte <> - system-wide mode is 0
326 [21336] INFO perfrun.mrte <> - Getting  mrte profiling environment ...
465 [21336] INFO perfrun.mrte <> - INTEL_MRTE_DATA_DIR=C:\Users\LENOVO22\source\repos\SIMD\AVX_Conv\AVX_Conv\VTune Profiler Results\AVX_Conv\r000ps\data.0
465 [21336] INFO perfrun.mrte <> - INTEL_MRTE_HOST_NAME=LAPTOP-MC265AGH
465 [21336] INFO perfrun.mrte <> - JAVA_TOOL_OPTIONS=-agentlib:amplxe_tpssmrte_javaprof_1.0
465 [21336] INFO perfrun.mrte <> - PATH=C:\Program Files (x86)\Intel\oneAPI\vtune\2023.0.0\bin32\runtime;C:\Program Files (x86)\Intel\oneAPI\vtune\2023.0.0\bin64\runtime;C:\Program Files (x86)\Razer\ChromaBroadcast\bin;C:\Program Files\Razer\ChromaBroadcast\bin;E:\vmware\bin\;C:\Windows\system32;C:\Windows;C:\Windows\System32\Wbem;C:\Windows\System32\WindowsPowerShell\v1.0\;C:\Windows\System32\OpenSSH\;C:\Program Files (x86)\NVIDIA Corporation\PhysX\Common;C:\Program Files\NVIDIA Corporation\NVIDIA NvDLISR;C:\WINDOWS\system32;C:\WINDOWS;C:\WINDOWS\System32\Wbem;C:\WINDOWS\System32\WindowsPowerShell\v1.0\;C:\WINDOWS\System32\OpenSSH\;D:\Program Files\Git\cmd;D:\Program Files\TortoiseGit\bin;E:\;E:\TDM-GCC\bin;C:\Program Files\MySQL\MySQL Server 8.0\bin;C:\WINDOWS\system32\config\systemprofile\AppData\Local\Microsoft\WindowsApps;C:\Users\LENOVO22\AppData\Local\Microsoft\WindowsApps;;E:\Microsoft VS Code\bin;C:\Users\LENOVO22\AppData\Roaming\npm
465 [21336] INFO perfrun.mrte <> - COR_ENABLE_PROFILING=1
465 [21336] INFO perfrun.mrte <> - COR_PROFILER={AA5E4821-E3B1-479c-B7FF-5AD047D22CED}
465 [21336] INFO perfrun.mrte <> - COMPLUS_ProfAPI_ProfilerCompatibilitySetting=EnableV2Profiler
465 [21336] INFO perfrun.mrte <> - CORECLR_ENABLE_PROFILING=1
465 [21336] INFO perfrun.mrte <> - CORECLR_PROFILER={AA5E4821-E3B1-479c-B7FF-5AD047D22CED}
465 [21336] INFO perfrun.mrte <> - CORECLR_PROFILER_PATH=C:\Program Files (x86)\Intel\oneAPI\vtune\2023.0.0\bin64/amplxe_samplingmrte_clrprof_1.0.dll
465 [21336] INFO perfrun.mrte <> - INTEL_MRTE_PROFILER_MODE=mixed
466 [21336] INFO perfrun.mrte <> - Data directory: C:\Users\LENOVO22\source\repos\SIMD\AVX_Conv\AVX_Conv\VTune Profiler Results\AVX_Conv\r000ps\data.0
466 [21336] INFO perfrun.mrte <> - Mrte plugin is initialized
466 [21336] INFO perfrun.launcher <> - plugin [emon] was disabled because it doesn't support the given collection type.
466 [21336] INFO perfrun.launcher <> - plugin [cuscol] was disabled because it doesn't support the given collection type.
466 [21336] INFO perfrun.launcher <> - plugin [stdsrc] was disabled because it doesn't support the given collection type.
466 [21336] INFO perfrun.launcher <> - plugin [sep] was disabled because it doesn't support the given collection type.
466 [21336] INFO perfrun.launcher <> - plugin [vtsspp] was disabled because it doesn't support the given collection type.
466 [21336] INFO perfrun.launcher <> - plugin [] was disabled because it doesn't support the given collection type.
466 [21336] INFO perfrun.launcher <> - plugin [aoclprofile] was disabled because it doesn't support the given collection type.
466 [21336] INFO perfrun.tpss <> - initialize tpss controller
466 [21336] INFO perfrun.tpss <> - configure collection mode: value = cpu:counters:nostack
467 [21336] INFO perfrun.tpss <> - configure collection mode: value = cpu:nostack
467 [21336] INFO perfrun.tpss <> - default obj-size-min=1024
467 [21336] INFO perfrun.tpss <> - default hash-table-size=0
467 [21336] INFO perfrun.launcher <> - plugin [] was disabled because it doesn't support the given collection type.
467 [21336] INFO perfrun.launcher <> - plugin [] was disabled because it doesn't support the given collection type.
467 [21336] INFO perfrun.launcher <> - plugin [] was disabled because it doesn't support the given collection type.
467 [21336] INFO perfrun.launcher <> - plugin [] was disabled because it doesn't support the given collection type.
468 [21336] INFO perfrun.launcher <> - plugin [power] was disabled because it doesn't support the given collection type.
468 [21336] INFO perfrun.launcher <> - plugin [hwloc] was disabled because it doesn't support the given collection type.
468 [21336] INFO perfrun.launcher <> - plugin [ipmwatch] was disabled because it doesn't support the given collection type.
468 [21336] INFO perfrun.launcher <> - plugin [os_counters] was disabled because it doesn't support the given collection type.
468 [21336] INFO perfrun.launcher <> - plugin [l0_metrics] was disabled because it doesn't support the given collection type.
468 [4368] INFO perfrun.launcher <> - set environment variable: PATH = C:\Program Files (x86)\Intel\oneAPI\vtune\2023.0.0\bin32\runtime;C:\Program Files (x86)\Intel\oneAPI\vtune\2023.0.0\bin64\runtime;C:\Program Files (x86)\Razer\ChromaBroadcast\bin;C:\Program Files\Razer\ChromaBroadcast\bin;E:\vmware\bin\;C:\Windows\system32;C:\Windows;C:\Windows\System32\Wbem;C:\Windows\System32\WindowsPowerShell\v1.0\;C:\Windows\System32\OpenSSH\;C:\Program Files (x86)\NVIDIA Corporation\PhysX\Common;C:\Program Files\NVIDIA Corporation\NVIDIA NvDLISR;C:\WINDOWS\system32;C:\WINDOWS;C:\WINDOWS\System32\Wbem;C:\WINDOWS\System32\WindowsPowerShell\v1.0\;C:\WINDOWS\System32\OpenSSH\;D:\Program Files\Git\cmd;D:\Program Files\TortoiseGit\bin;E:\;E:\TDM-GCC\bin;C:\Program Files\MySQL\MySQL Server 8.0\bin;C:\WINDOWS\system32\config\systemprofile\AppData\Local\Microsoft\WindowsApps;C:\Users\LENOVO22\AppData\Local\Microsoft\WindowsApps;;E:\Microsoft VS Code\bin;C:\Users\LENOVO22\AppData\Roaming\npm
469 [4368] INFO perfrun.launcher <> - set environment variable: INTEL_LIBITTNOTIFY32 = C:\Program Files (x86)\Intel\oneAPI\vtune\2023.0.0\bin32\runtime\ittnotify_collector.dll
469 [4368] INFO perfrun.launcher <> - set environment variable: INTEL_LIBITTNOTIFY64 = C:\Program Files (x86)\Intel\oneAPI\vtune\2023.0.0\bin64\runtime\ittnotify_collector.dll
470 [4368] INFO perfrun.launcher <> - set environment variable: INTEL_ITTNOTIFY_GROUPS = 
470 [4368] INFO perfrun.launcher <> - set environment variable: INTEL_JIT_PROFILER32 = C:\Program Files (x86)\Intel\oneAPI\vtune\2023.0.0\bin32\runtime\ittnotify_collector.dll
471 [4368] INFO perfrun.launcher <> - set environment variable: INTEL_JIT_PROFILER64 = C:\Program Files (x86)\Intel\oneAPI\vtune\2023.0.0\bin64\runtime\ittnotify_collector.dll
471 [4368] INFO perfrun.launcher <> - set environment variable: OMP_TOOL_LIBRARIES = C:\Program Files (x86)\Intel\oneAPI\vtune\2023.0.0\bin32\runtime\ittnotify_collector.dll;C:\Program Files (x86)\Intel\oneAPI\vtune\2023.0.0\bin64\runtime\ittnotify_collector.dll
471 [4368] INFO perfrun.launcher <> - set environment variable: ENABLE_JITPROFILING = 1
471 [4368] INFO perfrun.launcher <> - set environment variable: CL_CONFIG_USE_VTUNE = True
471 [4368] INFO perfrun.launcher <> - set environment variable: KMP_FORKJOIN_FRAMES = 0
472 [4368] INFO perfrun.launcher <> - set environment variable: KMP_FORKJOIN_FRAMES_MODE = 0
472 [4368] INFO perfrun.launcher <> - set environment variable: OMP_TOOL = disabled
472 [4368] INFO perfrun.launcher <> - set environment variable: INTEL_MRTE_DATA_DIR = C:\Users\LENOVO22\source\repos\SIMD\AVX_Conv\AVX_Conv\VTune Profiler Results\AVX_Conv\r000ps\data.0
473 [4368] INFO perfrun.launcher <> - set environment variable: INTEL_MRTE_HOST_NAME = LAPTOP-MC265AGH
473 [4368] INFO perfrun.launcher <> - set environment variable: JAVA_TOOL_OPTIONS = -agentlib:amplxe_tpssmrte_javaprof_1.0
473 [4368] INFO perfrun.launcher <> - set environment variable: PATH = C:\Program Files (x86)\Intel\oneAPI\vtune\2023.0.0\bin32\runtime;C:\Program Files (x86)\Intel\oneAPI\vtune\2023.0.0\bin64\runtime;C:\Program Files (x86)\Razer\ChromaBroadcast\bin;C:\Program Files\Razer\ChromaBroadcast\bin;E:\vmware\bin\;C:\Windows\system32;C:\Windows;C:\Windows\System32\Wbem;C:\Windows\System32\WindowsPowerShell\v1.0\;C:\Windows\System32\OpenSSH\;C:\Program Files (x86)\NVIDIA Corporation\PhysX\Common;C:\Program Files\NVIDIA Corporation\NVIDIA NvDLISR;C:\WINDOWS\system32;C:\WINDOWS;C:\WINDOWS\System32\Wbem;C:\WINDOWS\System32\WindowsPowerShell\v1.0\;C:\WINDOWS\System32\OpenSSH\;D:\Program Files\Git\cmd;D:\Program Files\TortoiseGit\bin;E:\;E:\TDM-GCC\bin;C:\Program Files\MySQL\MySQL Server 8.0\bin;C:\WINDOWS\system32\config\systemprofile\AppData\Local\Microsoft\WindowsApps;C:\Users\LENOVO22\AppData\Local\Microsoft\WindowsApps;;E:\Microsoft VS Code\bin;C:\Users\LENOVO22\AppData\Roaming\npm
473 [4368] INFO perfrun.launcher <> - set environment variable: COR_ENABLE_PROFILING = 1
474 [4368] INFO perfrun.launcher <> - set environment variable: COR_PROFILER = {AA5E4821-E3B1-479c-B7FF-5AD047D22CED}
474 [4368] INFO perfrun.launcher <> - set environment variable: COMPLUS_ProfAPI_ProfilerCompatibilitySetting = EnableV2Profiler
474 [4368] INFO perfrun.launcher <> - set environment variable: CORECLR_ENABLE_PROFILING = 1
474 [4368] INFO perfrun.launcher <> - set environment variable: CORECLR_PROFILER = {AA5E4821-E3B1-479c-B7FF-5AD047D22CED}
474 [4368] INFO perfrun.launcher <> - set environment variable: CORECLR_PROFILER_PATH = C:\Program Files (x86)\Intel\oneAPI\vtune\2023.0.0\bin64/amplxe_samplingmrte_clrprof_1.0.dll
475 [4368] INFO perfrun.launcher <> - set environment variable: INTEL_MRTE_PROFILER_MODE = mixed
477 [4368] INFO perfrun.launcher <> - RpcServer: run RPC server to handle requests
481 [4368] INFO perfrun.sdk <> - IProcessUtil: the given executable 'C:\Users\LENOVO22\source\repos\SIMD\AVX_Conv\Debug\AVX_Conv.exe' is valid.
481 [4368] INFO perfrun.launcher <> - Launcher: command line to start before modification = C:\Users\LENOVO22\source\repos\SIMD\AVX_Conv\Debug\AVX_Conv.exe
484 [4368] INFO perfrun.launcher <> - Launcher: command line to start after modification = C:\Program Files (x86)\Intel\oneAPI\vtune\2023.0.0\bin64\pin.exe -error_file C:\Users\LENOVO22\source\repos\SIMD\AVX_Conv\AVX_Conv\VTune Profiler Results\AVX_Conv\r000ps\data.0\pinerr.tpsslog -detach_reattach -probe -follow_execv -p32 C:\Program Files (x86)\Intel\oneAPI\vtune\2023.0.0\bin32\pin.exe -p64 C:\Program Files (x86)\Intel\oneAPI\vtune\2023.0.0\bin64\pin.exe -t64 C:\Program Files (x86)\Intel\oneAPI\vtune\2023.0.0\bin64\tpsstool.dll -t C:\Program Files (x86)\Intel\oneAPI\vtune\2023.0.0\bin32\tpsstool.dll -server_name tpss_ipc.22112 -prd_dir C:\Program Files (x86)\Intel\oneAPI\vtune\2023.0.0 -- C:\Users\LENOVO22\source\repos\SIMD\AVX_Conv\Debug\AVX_Conv.exe
484 [4368] INFO perfrun.launcher <> - ProcessCreator object was created
493 [4368] INFO perfrun.launcher <> - Launcher: the process was started in suspend mode
496 [21336] WARN perfrun.system <> - Only 2 usec accuracy achieved for reference point, at file: C:\BB\ANphep2w6r\b\tmp2iy5aj\vcs\perfrun1\plugins\system\src\trace_writer.cpp:320
496 [21336] INFO perfrun.itt <> - start itt controller for pid #17648
506 [21336] INFO perfrun.tpss <> - start tpss controller for pid #17648
564 [4368] INFO perfrun.launcher <> - Launcher: all plugins were started
564 [4368] INFO perfrun.launcher <> - DirectoryMonitor object was created
564 [4368] INFO perfrun.launcher <> - DirectoryMonitor: a callback was added
564 [4368] INFO perfrun.launcher <> - DirectoryMonitor was started with pingTime = 1000
564 [4368] INFO perfrun.launcher <> - DeadlineTimer is going to be constructed
565 [4368] INFO perfrun.launcher <> - DeadlineTimer: a callback was added
578 [4368] INFO perfrun.launcher <> - Launcher: resume the profiled application and  wait its termination or stop command
1573 [4368] INFO perfrun.launcher <> - Launcher: the profiled application was terminated  with exit code = 0
1587 [21336] INFO perfrun.itt <> - detach itt controller
1587 [21336] INFO perfrun.itt <> - detach itt controller done
1587 [21336] INFO perfrun.tpss <> - stop tpss controller
1589 [21336] INFO perfrun.sdk <> - De-allocating TMU: C:\Users\LENOVO22\source\repos\SIMD\AVX_Conv\AVX_Conv\VTune Profiler Results\AVX_Conv\r000ps\data.0\systemcollector-22112-LAPTOP-MC265AGH.sc
1613 [21336] INFO perfrun.system <> - closed the system trace file: C:\Users\LENOVO22\source\repos\SIMD\AVX_Conv\AVX_Conv\VTune Profiler Results\AVX_Conv\r000ps\data.0\systemcollector-22112-LAPTOP-MC265AGH.sc
1614 [4368] INFO perfrun.launcher <> - Launcher: all plugins were stopped.
1614 [4368] INFO perfrun.launcher <> - DeadlineTimer is going to be destroyed
1614 [4368] INFO perfrun.launcher <> - DeadlineTimer was destroyed
1615 [4368] INFO perfrun.launcher <> - DirectoryMonitor object was destroyed
1616 [4368] WARN perfrun.launcher <> - Stop command is ignored because it is received when collection is already stopped, at file: C:\BB\ANphep2w6r\b\tmp2iy5aj\vcs\perfrun1\launcher\src\command_handler.cpp:226
1618 [4368] INFO perfrun.launcher <> - Application exit code: 0
1618 [4368] INFO perfrun.launcher <> - Exit code: 0
