89 [10424] INFO perfrun.launcher <> - Launcher main begin
97 [10424] INFO perfrun.launcher <> - MessageCatalogInit finished
97 [10424] INFO perfrun.launcher <> - Launcher instance created
97 [10424] INFO perfrun.launcher <> - argc = 7; cmdline = C:\Program Files (x86)\Intel\oneAPI\vtune\latest\bin64\amplxe-runss.exe --ui-output-format xml --ui-output-fd 1324 --option-file C:\Users\LENOVO22\source\repos\SIMD\AVX_Conv\AVX_Conv\VTune Profiler Results\AVX_Conv\r004hs\config\runsa.options 
156 [10424] INFO perfrun.launcher <> - New signal handler callback was added
248 [10424] INFO perfrun.launcher <> - create msngr2::ICliToolContext
249 [10424] INFO perfrun.launcher <> - create file finder object
249 [10424] INFO perfrun.launcher <> - create a result directory: pattern = C:\Users\LENOVO22\source\repos\SIMD\AVX_Conv\AVX_Conv\VTune Profiler Results\AVX_Conv\r004hs pid = 4294967295
254 [10424] INFO perfrun.launcher <> - create data directory = C:\Users\LENOVO22\source\repos\SIMD\AVX_Conv\AVX_Conv\VTune Profiler Results\AVX_Conv\r004hs\data.0
255 [10424] INFO perfrun.launcher <> - Creating the master collection flag
259 [10424] INFO perfrun.launcher <> - Done creating the master collection flag
260 [12500] INFO perfrun.launcher <> - plugin [remoteplug] was disabled because it doesn't support the given collection type.
260 [12500] INFO perfrun.sdk <> - Allocating TMU :C:\Users\LENOVO22\source\repos\SIMD\AVX_Conv\AVX_Conv\VTune Profiler Results\AVX_Conv\r004hs\data.0\systemcollector-10436-LAPTOP-MC265AGH.sc
260 [12500] INFO perfrun.launcher <> - plugin [] was disabled because it doesn't support the given collection type.
263 [12500] INFO perfrun.launcher <> - plugin [] was disabled because it doesn't support the given collection type.
263 [12500] INFO perfrun.launcher <> - plugin [gpu] was disabled because it doesn't support the given collection type.
263 [12500] INFO perfrun.launcher <> - plugin [etw.kernel] was disabled because it doesn't support the given collection type.
263 [12500] INFO perfrun.launcher <> - plugin [etw.dx] was disabled because it doesn't support the given collection type.
263 [12500] INFO perfrun.launcher <> - plugin [etw.wsa] was disabled because it doesn't support the given collection type.
263 [12500] INFO perfrun.mrte <> - system-wide mode is 0
264 [12500] INFO perfrun.mrte <> - Getting  mrte profiling environment ...
326 [12500] INFO perfrun.mrte <> - INTEL_MRTE_DATA_DIR=C:\Users\LENOVO22\source\repos\SIMD\AVX_Conv\AVX_Conv\VTune Profiler Results\AVX_Conv\r004hs\data.0
326 [12500] INFO perfrun.mrte <> - INTEL_MRTE_HOST_NAME=LAPTOP-MC265AGH
326 [12500] INFO perfrun.mrte <> - JAVA_TOOL_OPTIONS=-agentlib:amplxe_samplingmrte_javaprof_1.0
326 [12500] INFO perfrun.mrte <> - PATH=C:\Program Files (x86)\Intel\oneAPI\vtune\latest\bin32\runtime;C:\Program Files (x86)\Intel\oneAPI\vtune\latest\bin64\runtime;C:\Program Files (x86)\Razer\ChromaBroadcast\bin;C:\Program Files\Razer\ChromaBroadcast\bin;E:\vmware\bin\;C:\Windows\system32;C:\Windows;C:\Windows\System32\Wbem;C:\Windows\System32\WindowsPowerShell\v1.0\;C:\Windows\System32\OpenSSH\;C:\Program Files (x86)\NVIDIA Corporation\PhysX\Common;C:\Program Files\NVIDIA Corporation\NVIDIA NvDLISR;C:\WINDOWS\system32;C:\WINDOWS;C:\WINDOWS\System32\Wbem;C:\WINDOWS\System32\WindowsPowerShell\v1.0\;C:\WINDOWS\System32\OpenSSH\;D:\Program Files\Git\cmd;D:\Program Files\TortoiseGit\bin;E:\;E:\TDM-GCC\bin;C:\Program Files\MySQL\MySQL Server 8.0\bin;C:\WINDOWS\system32\config\systemprofile\AppData\Local\Microsoft\WindowsApps;C:\Users\LENOVO22\AppData\Local\Microsoft\WindowsApps;E:\Microsoft VS Code\bin;C:\Users\LENOVO22\AppData\Roaming\npm
326 [12500] INFO perfrun.mrte <> - COR_ENABLE_PROFILING=1
326 [12500] INFO perfrun.mrte <> - COR_PROFILER={AA5E4821-E3B1-479c-B7FF-5AD047D22CED}
326 [12500] INFO perfrun.mrte <> - COMPLUS_ProfAPI_ProfilerCompatibilitySetting=EnableV2Profiler
326 [12500] INFO perfrun.mrte <> - CORECLR_ENABLE_PROFILING=1
326 [12500] INFO perfrun.mrte <> - CORECLR_PROFILER={AA5E4821-E3B1-479c-B7FF-5AD047D22CED}
326 [12500] INFO perfrun.mrte <> - CORECLR_PROFILER_PATH=C:\Program Files (x86)\Intel\oneAPI\vtune\latest\bin64/amplxe_samplingmrte_clrprof_1.0.dll
326 [12500] INFO perfrun.mrte <> - INTEL_MRTE_PROFILER_MODE=mixed
326 [12500] INFO perfrun.mrte <> - Data directory: C:\Users\LENOVO22\source\repos\SIMD\AVX_Conv\AVX_Conv\VTune Profiler Results\AVX_Conv\r004hs\data.0
326 [12500] INFO perfrun.mrte <> - Mrte plugin is initialized
327 [12500] INFO perfrun.launcher <> - plugin [emon] was disabled because it doesn't support the given collection type.
327 [12500] INFO perfrun.launcher <> - plugin [cuscol] was disabled because it doesn't support the given collection type.
327 [12500] INFO perfrun.launcher <> - plugin [stdsrc] was disabled because it doesn't support the given collection type.
328 [12500] INFO perfrun.sdk <> - runCmd: "C:\Program Files (x86)\Intel\oneAPI\vtune\latest\bin64\sep.exe" -dry-run -ec CPU_CLK_UNHALTED.THREAD,CPU_CLK_UNHALTED.REF_TSC:sample:sa=2300000,INST_RETIRED.ANY:sample:sa=2300000,CPU_CLK_UNHALTED.DISTRIBUTED,TOPDOWN.SLOTS:sample:sa=2000003,UOPS_RETIRED.SLOTS:sample:sa=2000003,FP_ARITH_INST_RETIRED.SCALAR_SINGLE,FP_ARITH_INST_RETIRED.128B_PACKED_SINGLE,FP_ARITH_INST_RETIRED.256B_PACKED_SINGLE,FP_ARITH_INST_RETIRED.SCALAR_DOUBLE,FP_ARITH_INST_RETIRED.128B_PACKED_DOUBLE,FP_ARITH_INST_RETIRED.256B_PACKED_DOUBLE,UOPS_EXECUTED.X87,UOPS_EXECUTED.THREAD,FP_ARITH_INST_RETIRED.512B_PACKED_DOUBLE,FP_ARITH_INST_RETIRED.512B_PACKED_SINGLE -experimental
332 [12500] INFO perfrun.sdk <> - runCmd started PID 14396
419 [12500] INFO perfrun.launcher <> - plugin [vtsspp] was disabled because it doesn't support the given collection type.
419 [12500] INFO perfrun.launcher <> - plugin [] was disabled because it doesn't support the given collection type.
419 [12500] INFO perfrun.launcher <> - plugin [aoclprofile] was disabled because it doesn't support the given collection type.
419 [12500] INFO perfrun.tpss <> - initialize tpss controller
420 [12500] INFO perfrun.launcher <> - plugin [tpss] was disabled because it doesn't support the given collection type.
420 [12500] INFO perfrun.launcher <> - plugin [] was disabled because it doesn't support the given collection type.
420 [12500] INFO perfrun.launcher <> - plugin [] was disabled because it doesn't support the given collection type.
420 [12500] INFO perfrun.launcher <> - plugin [] was disabled because it doesn't support the given collection type.
420 [12500] INFO perfrun.launcher <> - plugin [] was disabled because it doesn't support the given collection type.
420 [12500] INFO perfrun.launcher <> - plugin [power] was disabled because it doesn't support the given collection type.
420 [12500] INFO perfrun.launcher <> - plugin [hwloc] was disabled because it doesn't support the given collection type.
420 [12500] INFO perfrun.launcher <> - plugin [ipmwatch] was disabled because it doesn't support the given collection type.
420 [12500] INFO perfrun.launcher <> - plugin [os_counters] was disabled because it doesn't support the given collection type.
420 [12500] INFO perfrun.launcher <> - plugin [l0_metrics] was disabled because it doesn't support the given collection type.
420 [10424] INFO perfrun.launcher <> - set environment variable: PATH = C:\Program Files (x86)\Intel\oneAPI\vtune\latest\bin32\runtime;C:\Program Files (x86)\Intel\oneAPI\vtune\latest\bin64\runtime;C:\Program Files (x86)\Razer\ChromaBroadcast\bin;C:\Program Files\Razer\ChromaBroadcast\bin;E:\vmware\bin\;C:\Windows\system32;C:\Windows;C:\Windows\System32\Wbem;C:\Windows\System32\WindowsPowerShell\v1.0\;C:\Windows\System32\OpenSSH\;C:\Program Files (x86)\NVIDIA Corporation\PhysX\Common;C:\Program Files\NVIDIA Corporation\NVIDIA NvDLISR;C:\WINDOWS\system32;C:\WINDOWS;C:\WINDOWS\System32\Wbem;C:\WINDOWS\System32\WindowsPowerShell\v1.0\;C:\WINDOWS\System32\OpenSSH\;D:\Program Files\Git\cmd;D:\Program Files\TortoiseGit\bin;E:\;E:\TDM-GCC\bin;C:\Program Files\MySQL\MySQL Server 8.0\bin;C:\WINDOWS\system32\config\systemprofile\AppData\Local\Microsoft\WindowsApps;C:\Users\LENOVO22\AppData\Local\Microsoft\WindowsApps;E:\Microsoft VS Code\bin;C:\Users\LENOVO22\AppData\Roaming\npm
420 [10424] INFO perfrun.launcher <> - set environment variable: INTEL_LIBITTNOTIFY32 = C:\Program Files (x86)\Intel\oneAPI\vtune\latest\bin32\runtime\ittnotify_collector.dll
420 [10424] INFO perfrun.launcher <> - set environment variable: INTEL_LIBITTNOTIFY64 = C:\Program Files (x86)\Intel\oneAPI\vtune\latest\bin64\runtime\ittnotify_collector.dll
420 [10424] INFO perfrun.launcher <> - set environment variable: INTEL_ITTNOTIFY_GROUPS = 
420 [10424] INFO perfrun.launcher <> - set environment variable: INTEL_JIT_PROFILER32 = C:\Program Files (x86)\Intel\oneAPI\vtune\latest\bin32\runtime\ittnotify_collector.dll
421 [10424] INFO perfrun.launcher <> - set environment variable: INTEL_JIT_PROFILER64 = C:\Program Files (x86)\Intel\oneAPI\vtune\latest\bin64\runtime\ittnotify_collector.dll
421 [10424] INFO perfrun.launcher <> - set environment variable: OMP_TOOL_LIBRARIES = C:\Program Files (x86)\Intel\oneAPI\vtune\latest\bin32\runtime\ittnotify_collector.dll;C:\Program Files (x86)\Intel\oneAPI\vtune\latest\bin64\runtime\ittnotify_collector.dll
421 [10424] INFO perfrun.launcher <> - set environment variable: ENABLE_JITPROFILING = 1
421 [10424] INFO perfrun.launcher <> - set environment variable: CL_CONFIG_USE_VTUNE = True
421 [10424] INFO perfrun.launcher <> - set environment variable: KMP_FORKJOIN_FRAMES = 0
421 [10424] INFO perfrun.launcher <> - set environment variable: KMP_FORKJOIN_FRAMES_MODE = 0
421 [10424] INFO perfrun.launcher <> - set environment variable: OMP_TOOL = disabled
422 [10424] INFO perfrun.launcher <> - set environment variable: INTEL_MRTE_DATA_DIR = C:\Users\LENOVO22\source\repos\SIMD\AVX_Conv\AVX_Conv\VTune Profiler Results\AVX_Conv\r004hs\data.0
422 [10424] INFO perfrun.launcher <> - set environment variable: INTEL_MRTE_HOST_NAME = LAPTOP-MC265AGH
422 [10424] INFO perfrun.launcher <> - set environment variable: JAVA_TOOL_OPTIONS = -agentlib:amplxe_samplingmrte_javaprof_1.0
422 [10424] INFO perfrun.launcher <> - set environment variable: PATH = C:\Program Files (x86)\Intel\oneAPI\vtune\latest\bin32\runtime;C:\Program Files (x86)\Intel\oneAPI\vtune\latest\bin64\runtime;C:\Program Files (x86)\Razer\ChromaBroadcast\bin;C:\Program Files\Razer\ChromaBroadcast\bin;E:\vmware\bin\;C:\Windows\system32;C:\Windows;C:\Windows\System32\Wbem;C:\Windows\System32\WindowsPowerShell\v1.0\;C:\Windows\System32\OpenSSH\;C:\Program Files (x86)\NVIDIA Corporation\PhysX\Common;C:\Program Files\NVIDIA Corporation\NVIDIA NvDLISR;C:\WINDOWS\system32;C:\WINDOWS;C:\WINDOWS\System32\Wbem;C:\WINDOWS\System32\WindowsPowerShell\v1.0\;C:\WINDOWS\System32\OpenSSH\;D:\Program Files\Git\cmd;D:\Program Files\TortoiseGit\bin;E:\;E:\TDM-GCC\bin;C:\Program Files\MySQL\MySQL Server 8.0\bin;C:\WINDOWS\system32\config\systemprofile\AppData\Local\Microsoft\WindowsApps;C:\Users\LENOVO22\AppData\Local\Microsoft\WindowsApps;E:\Microsoft VS Code\bin;C:\Users\LENOVO22\AppData\Roaming\npm
422 [10424] INFO perfrun.launcher <> - set environment variable: COR_ENABLE_PROFILING = 1
422 [10424] INFO perfrun.launcher <> - set environment variable: COR_PROFILER = {AA5E4821-E3B1-479c-B7FF-5AD047D22CED}
422 [10424] INFO perfrun.launcher <> - set environment variable: COMPLUS_ProfAPI_ProfilerCompatibilitySetting = EnableV2Profiler
422 [10424] INFO perfrun.launcher <> - set environment variable: CORECLR_ENABLE_PROFILING = 1
423 [10424] INFO perfrun.launcher <> - set environment variable: CORECLR_PROFILER = {AA5E4821-E3B1-479c-B7FF-5AD047D22CED}
423 [10424] INFO perfrun.launcher <> - set environment variable: CORECLR_PROFILER_PATH = C:\Program Files (x86)\Intel\oneAPI\vtune\latest\bin64/amplxe_samplingmrte_clrprof_1.0.dll
423 [10424] INFO perfrun.launcher <> - set environment variable: INTEL_MRTE_PROFILER_MODE = mixed
423 [10424] INFO perfrun.launcher <> - RpcServer: run RPC server to handle requests
427 [10424] INFO perfrun.sdk <> - IProcessUtil: the given executable 'C:\Users\LENOVO22\source\repos\SIMD\AVX_Conv\Debug\AVX_Conv.exe' is valid.
427 [10424] INFO perfrun.launcher <> - Launcher: command line to start before modification = C:\Users\LENOVO22\source\repos\SIMD\AVX_Conv\Debug\AVX_Conv.exe
427 [10424] INFO perfrun.launcher <> - Launcher: command line to start after modification = C:\Users\LENOVO22\source\repos\SIMD\AVX_Conv\Debug\AVX_Conv.exe
427 [10424] INFO perfrun.launcher <> - ProcessCreator object was created
428 [10424] INFO perfrun.launcher <> - Launcher: the process was started in suspend mode
439 [12500] INFO perfrun.itt <> - start itt controller for pid #1464
440 [12500] INFO perfrun.sdk <> - runCmd: "C:\Program Files (x86)\Intel\oneAPI\vtune\latest\bin64\sep.exe" -start -experimental -uem timer=10 -em trigger=CPU_CLK_UNHALTED.REF_TSC factor=5 -ebc -out "C:\Users\LENOVO22\source\repos\SIMD\AVX_Conv\AVX_Conv\VTune Profiler Results\AVX_Conv\r004hs\data.0\sep30d4.20230407T104015.881342" -ec INST_RETIRED.ANY:sample:sa=2300000,CPU_CLK_UNHALTED.THREAD,CPU_CLK_UNHALTED.REF_TSC:sample:sa=2300000,TOPDOWN.SLOTS:sample:sa=2000003,CPU_CLK_UNHALTED.DISTRIBUTED,UOPS_RETIRED.SLOTS:sample:sa=2000003,FP_ARITH_INST_RETIRED.SCALAR_SINGLE,FP_ARITH_INST_RETIRED.128B_PACKED_SINGLE,FP_ARITH_INST_RETIRED.256B_PACKED_SINGLE,FP_ARITH_INST_RETIRED.SCALAR_DOUBLE,FP_ARITH_INST_RETIRED.128B_PACKED_DOUBLE,FP_ARITH_INST_RETIRED.256B_PACKED_DOUBLE,UOPS_EXECUTED.X87,UOPS_EXECUTED.THREAD,FP_ARITH_INST_RETIRED.512B_PACKED_DOUBLE,FP_ARITH_INST_RETIRED.512B_PACKED_SINGLE, -d 0 -uem factor=10
444 [12500] INFO perfrun.sdk <> - runCmd started PID 17336
951 [10424] INFO perfrun.launcher <> - Launcher: all plugins were started
952 [10424] INFO perfrun.launcher <> - DirectoryMonitor object was created
952 [10424] INFO perfrun.launcher <> - DirectoryMonitor: a callback was added
952 [10424] INFO perfrun.launcher <> - DirectoryMonitor was started with pingTime = 1000
952 [10424] INFO perfrun.launcher <> - DeadlineTimer is going to be constructed
952 [10424] INFO perfrun.launcher <> - DeadlineTimer: a callback was added
959 [10424] INFO perfrun.launcher <> - Launcher: resume the profiled application and  wait its termination or stop command
969 [10424] INFO perfrun.launcher <> - Launcher: the profiled application was terminated  with exit code = 0
992 [12500] INFO perfrun.itt <> - detach itt controller
992 [12500] INFO perfrun.itt <> - detach itt controller done
992 [12500] INFO perfrun.sdk <> - runCmd: "C:\Program Files (x86)\Intel\oneAPI\vtune\latest\bin64\sep.exe" -stop
995 [12500] INFO perfrun.sdk <> - runCmd started PID 11908
1816 [12500] INFO perfrun.sepdk <> - Sampling successfully stopped.

1816 [12500] INFO perfrun.sepdk <> - Waiting for main SEP process (17336) to finish...
1816 [12500] INFO perfrun.sepdk <> - Main SEP process finished
1816 [12500] INFO perfrun.sdk <> - De-allocating TMU: C:\Users\LENOVO22\source\repos\SIMD\AVX_Conv\AVX_Conv\VTune Profiler Results\AVX_Conv\r004hs\data.0\systemcollector-10436-LAPTOP-MC265AGH.sc
1834 [12500] INFO perfrun.system <> - closed the system trace file: C:\Users\LENOVO22\source\repos\SIMD\AVX_Conv\AVX_Conv\VTune Profiler Results\AVX_Conv\r004hs\data.0\systemcollector-10436-LAPTOP-MC265AGH.sc
1834 [10424] INFO perfrun.launcher <> - Launcher: all plugins were stopped.
1834 [10424] INFO perfrun.launcher <> - DeadlineTimer is going to be destroyed
1835 [10424] INFO perfrun.launcher <> - DeadlineTimer was destroyed
1835 [10424] INFO perfrun.launcher <> - DirectoryMonitor object was destroyed
1835 [10424] WARN perfrun.launcher <> - Stop command is ignored because it is received when collection is already stopped, at file: C:\BB\ANphep2w6r\b\tmp2iy5aj\vcs\perfrun1\launcher\src\command_handler.cpp:226
1836 [10424] INFO perfrun.launcher <> - Application exit code: 0
1836 [10424] INFO perfrun.launcher <> - Exit code: 0
